Build started 11/05/2021 08:32:12.
Logging verbosity is set to: Normal.     1>Project "C:\Users\legos\OneDrive\Documents\Programming\CST 136 TFS Labs\Lab 2\Lab 2\Lab 2\Lab 2.vcxproj" on node 2 (Build target(s)).
     1>InitializeBuildStatus:
         Touching "x64\Debug\Lab 2.tlog\unsuccessfulbuild".
       ClCompile:
         C:\Program Files (x86)\Microsoft Visual Studio\2019\Community\VC\Tools\MSVC\14.27.29110\bin\HostX86\x64\CL.exe /c /ZI /JMC /nologo /W3 /WX- /diagnostics:column /sdl /Od /D _DEBUG /D _CONSOLE /D _UNICODE /D UNICODE /Gm- /EHsc /RTC1 /MDd /GS /fp:precise /permissive- /Zc:wchar_t /Zc:forScope /Zc:inline /Fo"x64\Debug\\" /Fd"x64\Debug\vc142.pdb" /Gd /TP /FC /errorReport:prompt commandhandle.cpp main.cpp isam.cpp node.cpp
         commandhandle.cpp
         main.cpp
         isam.cpp
         node.cpp
         Generating Code...
       Link:
         C:\Program Files (x86)\Microsoft Visual Studio\2019\Community\VC\Tools\MSVC\14.27.29110\bin\HostX86\x64\link.exe /ERRORREPORT:PROMPT /OUT:"C:\Users\legos\OneDrive\Documents\Programming\CST 136 TFS Labs\Lab 2\Lab 2\x64\Debug\Lab 2.exe" /INCREMENTAL /NOLOGO kernel32.lib user32.lib gdi32.lib winspool.lib comdlg32.lib advapi32.lib shell32.lib ole32.lib oleaut32.lib uuid.lib odbc32.lib odbccp32.lib /MANIFEST /MANIFESTUAC:"level='asInvoker' uiAccess='false'" /manifest:embed /DEBUG:FASTLINK /PDB:"C:\Users\legos\OneDrive\Documents\Programming\CST 136 TFS Labs\Lab 2\Lab 2\x64\Debug\Lab 2.pdb" /SUBSYSTEM:CONSOLE /TLBID:1 /DYNAMICBASE /NXCOMPAT /IMPLIB:"C:\Users\legos\OneDrive\Documents\Programming\CST 136 TFS Labs\Lab 2\Lab 2\x64\Debug\Lab 2.lib" /MACHINE:X64 x64\Debug\commandhandle.obj
         x64\Debug\list.obj
         x64\Debug\main.obj
         x64\Debug\isam.obj
         x64\Debug\node.obj
         x64\Debug\personnel.obj
         Lab 2.vcxproj -> C:\Users\legos\OneDrive\Documents\Programming\CST 136 TFS Labs\Lab 2\Lab 2\x64\Debug\Lab 2.exe
       FinalizeBuildStatus:
         Deleting file "x64\Debug\Lab 2.tlog\unsuccessfulbuild".
         Touching "x64\Debug\Lab 2.tlog\Lab 2.lastbuildstate".
     1>Done Building Project "C:\Users\legos\OneDrive\Documents\Programming\CST 136 TFS Labs\Lab 2\Lab 2\Lab 2\Lab 2.vcxproj" (Build target(s)).

Build succeeded.
    0 Warning(s)
    0 Error(s)

Time Elapsed 00:00:02.53
